<?xml version="1.0" encoding="UTF-8"?>
<!-- Generated by org.testng.reporters.JUnitXMLReporter -->
<testsuite ignored="0" hostname="samet-PC" failures="0" tests="20" name="Command line test" time="356.67" errors="0" timestamp="2021-01-11T01:52:25 CET">
  <testcase classname="tests.Get01DenemeTest" name="TC01" time="6.31"/>
  <testcase classname="tests.Get01DenemeTest" name="TC02" time="193.089"/>
  <testcase classname="tests.US_03_Test_PutTest" name="TC0301" time="2.249"/>
  <testcase classname="tests.US_03_Test_PutTest" name="TC0302" time="1.441"/>
  <testcase classname="tests.US_03_Test_PutTest" name="TC0303" time="1.471"/>
  <testcase classname="tests.US_03_Test_PutTest" name="TC0304" time="2.04"/>
  <testcase classname="tests.US_03_Test_PutTest" name="TC0305" time="1.512"/>
  <testcase classname="tests.US_03_Test_PutTest" name="TC0306" time="1.434"/>
  <testcase classname="tests.US_03_Test_PutTest" name="TC0307" time="1.391"/>
  <testcase classname="tests.US_03_Test_PutTest" name="TC0308" time="1.514"/>
  <testcase classname="tests.US_03_Test_PutTest" name="TC0309" time="1.435"/>
  <testcase classname="tests.US_03_Test_PutTest" name="TC0310" time="10.354"/>
  <testcase classname="tests.US_03_Test_PutTest" name="TC0311" time="20.232"/>
  <testcase classname="tests.US_03_Test_PutTest" name="TC0312" time="31.371"/>
  <testcase classname="tests.US_03_Test_PutTest" name="TC0313" time="41.466"/>
  <testcase classname="tests.US_03_Test_PutTest" name="TC0314" time="2.202"/>
  <testcase classname="tests.US_03_Test_PutTest" name="TC0315" time="1.397"/>
  <testcase classname="tests.US_03_Test_PutTest" name="TC0316" time="1.387"/>
  <testcase classname="tests.US_03_Test_PutTest" name="TC0317" time="2.159"/>
  <testcase classname="tests.US_04_Test_DeleteTest" name="TC0301" time="5.202"/>
</testsuite> <!-- Command line test -->
