<?xml version="1.0" encoding="UTF-8"?>
<testng-results ignored="0" total="0" passed="0" failed="0" skipped="0">
  <reporter-output>
  </reporter-output>
  <suite started-at="2021-01-11T01:21:23 CET" name="utilities.TestBase" finished-at="2021-01-11T01:21:23 CET" duration-ms="56">
    <groups>
    </groups>
    <test started-at="2021-01-11T01:21:23 CET" name="Command line test" finished-at="2021-01-11T01:21:23 CET" duration-ms="56">
      <class name="utilities.TestBase">
        <test-method is-config="true" signature="setUpTest()[pri:0, instance:utilities.TestBase@5427c60c]" started-at="2021-01-11T01:21:23 CET" name="setUpTest" finished-at="2021-01-11T01:21:23 CET" duration-ms="19" status="PASS">
          <reporter-output>
          </reporter-output>
        </test-method> <!-- setUpTest -->
        <test-method is-config="true" signature="afterMethod()[pri:0, instance:utilities.TestBase@5427c60c]" started-at="2021-01-11T01:21:23 CET" name="afterMethod" finished-at="2021-01-11T01:21:23 CET" duration-ms="9" status="PASS">
          <reporter-output>
          </reporter-output>
        </test-method> <!-- afterMethod -->
      </class> <!-- utilities.TestBase -->
    </test> <!-- Command line test -->
  </suite> <!-- utilities.TestBase -->
</testng-results>
