<?xml version="1.0" encoding="UTF-8" ?>
<testsuite tests="20" failures="0" name="TestSuite" time="329.569" errors="0" skipped="0">
  <properties>
[...]
</properties>
  <testcase classname="tests.Get01DenemeTest" name="TC01" time="6.483"/>
  <testcase classname="tests.Get01DenemeTest" name="TC02" time="192.961"/>
  <testcase classname="tests.US_03_Test_PutTest" name="TC0301" time="2.209"/>
  <testcase classname="tests.US_03_Test_PutTest" name="TC0302" time="1.439"/>
  <testcase classname="tests.US_03_Test_PutTest" name="TC0303" time="1.468"/>
  <testcase classname="tests.US_03_Test_PutTest" name="TC0304" time="2.04"/>
  <testcase classname="tests.US_03_Test_PutTest" name="TC0305" time="1.51"/>
  <testcase classname="tests.US_03_Test_PutTest" name="TC0306" time="1.43"/>
  <testcase classname="tests.US_03_Test_PutTest" name="TC0307" time="1.378"/>
  <testcase classname="tests.US_03_Test_PutTest" name="TC0308" time="1.512"/>
  <testcase classname="tests.US_03_Test_PutTest" name="TC0309" time="1.423"/>
  <testcase classname="tests.US_03_Test_PutTest" name="TC0310" time="10.349"/>
  <testcase classname="tests.US_03_Test_PutTest" name="TC0311" time="20.23"/>
  <testcase classname="tests.US_03_Test_PutTest" name="TC0312" time="31.367"/>
  <testcase classname="tests.US_03_Test_PutTest" name="TC0313" time="41.462"/>
  <testcase classname="tests.US_03_Test_PutTest" name="TC0314" time="2.2"/>
  <testcase classname="tests.US_03_Test_PutTest" name="TC0315" time="1.38"/>
  <testcase classname="tests.US_03_Test_PutTest" name="TC0316" time="1.385"/>
  <testcase classname="tests.US_03_Test_PutTest" name="TC0317" time="2.15"/>
  <testcase classname="tests.US_04_Test_DeleteTest" name="TC0301" time="5.193"/>
</testsuite>